#
# A fatal error has been detected by the Java Runtime Environment:
#
#  EXCEPTION_ACCESS_VIOLATION (0xc0000005) at pc=0x000000006fd18f53, pid=45476, tid=44148
#
# JRE version: Java(TM) SE Runtime Environment (8.0_91-b14) (build 1.8.0_91-b14)
# Java VM: Java HotSpot(TM) 64-Bit Server VM (25.91-b14 mixed mode windows-amd64 compressed oops)
# Problematic frame:
# V  [jvm.dll+0x128f53]
#
# Failed to write core dump. Minidumps are not enabled by default on client versions of Windows
#
# If you would like to submit a bug report, please visit:
#   http://bugreport.java.com/bugreport/crash.jsp
#

---------------  T H R E A D  ---------------

Current thread (0x00000000191ab800):  JavaThread "JDWP Transport Listener: dt_socket" daemon [_thread_in_vm, id=44148, stack(0x0000000018d50000,0x0000000018e50000)]

siginfo: ExceptionCode=0xc0000005, reading address 0x0000648f00000013

Registers:
RAX=0x0000000018e4f501, RBX=0x0000648f00000013, RCX=0x000000001b0d5c20, RDX=0x0000000000000000
RSP=0x0000000018e4f530, RBP=0x000000001b0d5c20, RSI=0x0000000018e4f648, RDI=0x00000000020d94d0
R8 =0x00000000191ab800, R9 =0x000000000000ff00, R10=0x0000000000000000, R11=0x0000069400a600cb
R12=0x0000000000000000, R13=0x00000000191ac4c8, R14=0x0000000000000000, R15=0x0000000000000000
RIP=0x000000006fd18f53, EFLAGS=0x0000000000010212

Top of Stack: (sp=0x0000000018e4f530)
0x0000000018e4f530:   00000000191ab800 00000000191ab800
0x0000000018e4f540:   0000000018e4f5f8 000000006ff1f32b
0x0000000018e4f550:   00000000191ab800 000000006ff3bb8d
0x0000000018e4f560:   0000000000000000 0000000065529155
0x0000000018e4f570:   000000001b66e7b8 000000006553291e
0x0000000018e4f580:   00000000191ab800 0000000000000000
0x0000000018e4f590:   0000000000000000 0000000000000000
0x0000000018e4f5a0:   000000001b0d5c20 0000000065531a15
0x0000000018e4f5b0:   0000000018e4f648 0000000018e4f620
0x0000000018e4f5c0:   0000000000000001 000000001b66e7b8
0x0000000018e4f5d0:   000000001b0d5c20 00000000655153b3
0x0000000018e4f5e0:   0000000018e4f710 0000000000000001
0x0000000018e4f5f0:   0000000000000001 000000001b66e7b8
0x0000000018e4f600:   00000000f000100a 0000000000000000
0x0000000018e4f610:   0000000000000000 0000000000000000
0x0000000018e4f620:   0000000000000001 0000000065515571 

Instructions: (pc=0x000000006fd18f53)
0x000000006fd18f33:   28 48 85 c9 75 07 33 c0 48 83 c4 28 c3 48 89 5c
0x000000006fd18f43:   24 20 48 8b 19 48 85 db 74 20 48 83 fb 37 74 1a
0x000000006fd18f53:   48 8b 13 48 8b cb ff 52 10 84 c0 74 0d 48 8b c3
0x000000006fd18f63:   48 8b 5c 24 20 48 83 c4 28 c3 33 c0 48 8b 5c 24 


Register to memory mapping:

RAX=0x0000000018e4f501 is pointing into the stack for thread: 0x00000000191ab800
RBX=0x0000648f00000013 is an unknown value
RCX=0x000000001b0d5c20 is an unknown value
RDX=0x0000000000000000 is an unknown value
RSP=0x0000000018e4f530 is pointing into the stack for thread: 0x00000000191ab800
RBP=0x000000001b0d5c20 is an unknown value
RSI=0x0000000018e4f648 is pointing into the stack for thread: 0x00000000191ab800
RDI=0x00000000020d94d0 is an unknown value
R8 =0x00000000191ab800 is a thread
R9 =0x000000000000ff00 is an unknown value
R10=0x0000000000000000 is an unknown value
R11=0x0000069400a600cb is an unknown value
R12=0x0000000000000000 is an unknown value
R13=0x00000000191ac4c8 is an unknown value
R14=0x0000000000000000 is an unknown value
R15=0x0000000000000000 is an unknown value


Stack: [0x0000000018d50000,0x0000000018e50000],  sp=0x0000000018e4f530,  free space=1021k
Native frames: (J=compiled Java code, j=interpreted, Vv=VM code, C=native code)
V  [jvm.dll+0x128f53]
V  [jvm.dll+0x34bb8d]
C  [jdwp.dll+0x21a15]
C  [jdwp.dll+0x53b3]
C  [jdwp.dll+0x5571]
C  [jdwp.dll+0xf0a8]
C  [jdwp.dll+0x1f2d5]
C  [jdwp.dll+0x1f4aa]
V  [jvm.dll+0x1bbf38]
V  [jvm.dll+0x243ae4]
V  [jvm.dll+0x29a99a]
C  [msvcr100.dll+0x21d9f]
C  [msvcr100.dll+0x21e3b]
C  [kernel32.dll+0x159cd]
C  [ntdll.dll+0x5383d]


---------------  P R O C E S S  ---------------

Java Threads: ( => current thread )
  0x000000001b78a800 JavaThread "Okio Watchdog" daemon [_thread_blocked, id=29244, stack(0x000000001d430000,0x000000001d530000)]
  0x000000001ac34000 JavaThread "Exec Stream Pumper" daemon [_thread_in_native, id=38868, stack(0x000000001caa0000,0x000000001cba0000)]
  0x000000001ac33800 JavaThread "Exec Stream Pumper" daemon [_thread_in_native, id=30884, stack(0x000000001a380000,0x000000001a480000)]
  0x000000001ac2f800 JavaThread "Exec Default Executor" daemon [_thread_in_native, id=29624, stack(0x000000001c5e0000,0x000000001c6e0000)]
  0x000000001aae5000 JavaThread "TestNG-PoolService-0" [_thread_blocked, id=45920, stack(0x000000001c290000,0x000000001c390000)]
  0x000000001a86a800 JavaThread "ReaderThread" [_thread_in_native, id=45220, stack(0x000000001ade0000,0x000000001aee0000)]
  0x0000000019244800 JavaThread "Service Thread" daemon [_thread_blocked, id=31304, stack(0x000000001a240000,0x000000001a340000)]
  0x00000000191cb800 JavaThread "C1 CompilerThread2" daemon [_thread_blocked, id=45656, stack(0x000000001a050000,0x000000001a150000)]
  0x00000000191ca800 JavaThread "C2 CompilerThread1" daemon [_thread_blocked, id=46048, stack(0x0000000019d70000,0x0000000019e70000)]
  0x00000000191c4800 JavaThread "C2 CompilerThread0" daemon [_thread_blocked, id=6212, stack(0x0000000019f30000,0x000000001a030000)]
  0x00000000191b3800 JavaThread "JDWP Command Reader" daemon [_thread_in_native, id=43312, stack(0x00000000195b0000,0x00000000196b0000)]
  0x00000000191b2000 JavaThread "JDWP Event Helper Thread" daemon [_thread_blocked, id=40572, stack(0x0000000019ac0000,0x0000000019bc0000)]
=>0x00000000191ab800 JavaThread "JDWP Transport Listener: dt_socket" daemon [_thread_in_vm, id=44148, stack(0x0000000018d50000,0x0000000018e50000)]
  0x00000000191a4800 JavaThread "Attach Listener" daemon [_thread_blocked, id=45632, stack(0x00000000196c0000,0x00000000197c0000)]
  0x0000000017aa8800 JavaThread "Signal Dispatcher" daemon [_thread_blocked, id=36040, stack(0x00000000189b0000,0x0000000018ab0000)]
  0x0000000017a8d800 JavaThread "Finalizer" daemon [_thread_blocked, id=34380, stack(0x0000000018ea0000,0x0000000018fa0000)]
  0x0000000017a46800 JavaThread "Reference Handler" daemon [_thread_blocked, id=35312, stack(0x0000000018c30000,0x0000000018d30000)]
  0x000000000223a000 JavaThread "main" [_thread_blocked, id=46032, stack(0x00000000028f0000,0x00000000029f0000)]

Other Threads:
  0x0000000017a3f000 VMThread [stack: 0x0000000018ab0000,0x0000000018bb0000] [id=45888]
  0x0000000019270800 WatcherThread [stack: 0x000000001a4e0000,0x000000001a5e0000] [id=40164]

VM state:not at safepoint (normal execution)

VM Mutex/Monitor currently owned by a thread: None

Heap:
 PSYoungGen      total 38400K, used 8263K [0x00000000d5d00000, 0x00000000da800000, 0x0000000100000000)
  eden space 33280K, 24% used [0x00000000d5d00000,0x00000000d6511c28,0x00000000d7d80000)
  from space 5120K, 0% used [0x00000000d7d80000,0x00000000d7d80000,0x00000000d8280000)
  to   space 5120K, 0% used [0x00000000da300000,0x00000000da300000,0x00000000da800000)
 ParOldGen       total 55296K, used 6756K [0x0000000081600000, 0x0000000084c00000, 0x00000000d5d00000)
  object space 55296K, 12% used [0x0000000081600000,0x0000000081c993f0,0x0000000084c00000)
 Metaspace       used 22023K, capacity 22738K, committed 23040K, reserved 1069056K
  class space    used 2761K, capacity 2981K, committed 3072K, reserved 1048576K

Card table byte_map: [0x0000000012080000,0x0000000012480000] byte_map_base: 0x0000000011c75000

Marking Bits: (ParMarkBitMap*) 0x0000000070402f70
 Begin Bits: [0x0000000012d60000, 0x0000000014d08000)
 End Bits:   [0x0000000014d08000, 0x0000000016cb0000)

Polling page: 0x0000000001d40000

CodeCache: size=245760Kb used=6245Kb max_used=6256Kb free=239514Kb
 bounds [0x0000000002cc0000, 0x00000000032e0000, 0x0000000011cc0000]
 total_blobs=2236 nmethods=1811 adapters=345
 compilation: enabled

Compilation events (10 events):
Event: 5.611 Thread 0x00000000191cb800 1811       1       org.apache.poi.POIXMLDocumentPart::getParent (5 bytes)
Event: 5.611 Thread 0x00000000191cb800 nmethod 1811 0x00000000032dded0 code [0x00000000032de020, 0x00000000032de130]
Event: 5.611 Thread 0x00000000191cb800 1812       1       org.apache.poi.xssf.usermodel.XSSFRow::getSheet (5 bytes)
Event: 5.611 Thread 0x00000000191cb800 nmethod 1812 0x00000000032de190 code [0x00000000032de2e0, 0x00000000032de3f0]
Event: 5.611 Thread 0x00000000191cb800 1818       1       org.apache.xmlbeans.impl.store.Locale::noSync (5 bytes)
Event: 5.611 Thread 0x00000000191cb800 nmethod 1818 0x00000000032de450 code [0x00000000032de5a0, 0x00000000032de6b0]
Event: 7.818 Thread 0x00000000191cb800 1823       3       java.util.HashMap::afterNodeRemoval (1 bytes)
Event: 7.818 Thread 0x00000000191cb800 nmethod 1823 0x00000000032de710 code [0x00000000032de860, 0x00000000032de9b0]
Event: 33.566 Thread 0x00000000191cb800 1824       3       java.lang.StringBuilder::append (9 bytes)
Event: 33.567 Thread 0x00000000191cb800 nmethod 1824 0x00000000032dea10 code [0x00000000032deba0, 0x00000000032def98]

GC Heap History (8 events):
Event: 2.235 GC heap before
{Heap before GC invocations=1 (full 0):
 PSYoungGen      total 38400K, used 33280K [0x00000000d5d00000, 0x00000000d8780000, 0x0000000100000000)
  eden space 33280K, 100% used [0x00000000d5d00000,0x00000000d7d80000,0x00000000d7d80000)
  from space 5120K, 0% used [0x00000000d8280000,0x00000000d8280000,0x00000000d8780000)
  to   space 5120K, 0% used [0x00000000d7d80000,0x00000000d7d80000,0x00000000d8280000)
 ParOldGen       total 87552K, used 0K [0x0000000081600000, 0x0000000086b80000, 0x00000000d5d00000)
  object space 87552K, 0% used [0x0000000081600000,0x0000000081600000,0x0000000086b80000)
 Metaspace       used 12898K, capacity 13134K, committed 13184K, reserved 1060864K
  class space    used 1536K, capacity 1623K, committed 1664K, reserved 1048576K
Event: 2.242 GC heap after
Heap after GC invocations=1 (full 0):
 PSYoungGen      total 38400K, used 5094K [0x00000000d5d00000, 0x00000000d8780000, 0x0000000100000000)
  eden space 33280K, 0% used [0x00000000d5d00000,0x00000000d5d00000,0x00000000d7d80000)
  from space 5120K, 99% used [0x00000000d7d80000,0x00000000d8279ae8,0x00000000d8280000)
  to   space 5120K, 0% used [0x00000000d8280000,0x00000000d8280000,0x00000000d8780000)
 ParOldGen       total 87552K, used 1597K [0x0000000081600000, 0x0000000086b80000, 0x00000000d5d00000)
  object space 87552K, 1% used [0x0000000081600000,0x000000008178f6b0,0x0000000086b80000)
 Metaspace       used 12898K, capacity 13134K, committed 13184K, reserved 1060864K
  class space    used 1536K, capacity 1623K, committed 1664K, reserved 1048576K
}
Event: 5.220 GC heap before
{Heap before GC invocations=2 (full 0):
 PSYoungGen      total 38400K, used 38374K [0x00000000d5d00000, 0x00000000d8780000, 0x0000000100000000)
  eden space 33280K, 100% used [0x00000000d5d00000,0x00000000d7d80000,0x00000000d7d80000)
  from space 5120K, 99% used [0x00000000d7d80000,0x00000000d8279ae8,0x00000000d8280000)
  to   space 5120K, 0% used [0x00000000d8280000,0x00000000d8280000,0x00000000d8780000)
 ParOldGen       total 87552K, used 1597K [0x0000000081600000, 0x0000000086b80000, 0x00000000d5d00000)
  object space 87552K, 1% used [0x0000000081600000,0x000000008178f6b0,0x0000000086b80000)
 Metaspace       used 19765K, capacity 20436K, committed 20608K, reserved 1067008K
  class space    used 2419K, capacity 2624K, committed 2688K, reserved 1048576K
Event: 5.236 GC heap after
Heap after GC invocations=2 (full 0):
 PSYoungGen      total 38400K, used 5110K [0x00000000d5d00000, 0x00000000d8780000, 0x0000000100000000)
  eden space 33280K, 0% used [0x00000000d5d00000,0x00000000d5d00000,0x00000000d7d80000)
  from space 5120K, 99% used [0x00000000d8280000,0x00000000d877d990,0x00000000d8780000)
  to   space 5120K, 0% used [0x00000000d7d80000,0x00000000d7d80000,0x00000000d8280000)
 ParOldGen       total 87552K, used 6516K [0x0000000081600000, 0x0000000086b80000, 0x00000000d5d00000)
  object space 87552K, 7% used [0x0000000081600000,0x0000000081c5d218,0x0000000086b80000)
 Metaspace       used 19765K, capacity 20436K, committed 20608K, reserved 1067008K
  class space    used 2419K, capacity 2624K, committed 2688K, reserved 1048576K
}
Event: 5.361 GC heap before
{Heap before GC invocations=3 (full 0):
 PSYoungGen      total 38400K, used 9151K [0x00000000d5d00000, 0x00000000d8780000, 0x0000000100000000)
  eden space 33280K, 12% used [0x00000000d5d00000,0x00000000d60f22f0,0x00000000d7d80000)
  from space 5120K, 99% used [0x00000000d8280000,0x00000000d877d990,0x00000000d8780000)
  to   space 5120K, 0% used [0x00000000d7d80000,0x00000000d7d80000,0x00000000d8280000)
 ParOldGen       total 87552K, used 6516K [0x0000000081600000, 0x0000000086b80000, 0x00000000d5d00000)
  object space 87552K, 7% used [0x0000000081600000,0x0000000081c5d218,0x0000000086b80000)
 Metaspace       used 20466K, capacity 21108K, committed 21248K, reserved 1067008K
  class space    used 2533K, capacity 2720K, committed 2816K, reserved 1048576K
Event: 5.370 GC heap after
Heap after GC invocations=3 (full 0):
 PSYoungGen      total 38400K, used 5088K [0x00000000d5d00000, 0x00000000da800000, 0x0000000100000000)
  eden space 33280K, 0% used [0x00000000d5d00000,0x00000000d5d00000,0x00000000d7d80000)
  from space 5120K, 99% used [0x00000000d7d80000,0x00000000d8278060,0x00000000d8280000)
  to   space 5120K, 0% used [0x00000000da300000,0x00000000da300000,0x00000000da800000)
 ParOldGen       total 87552K, used 7352K [0x0000000081600000, 0x0000000086b80000, 0x00000000d5d00000)
  object space 87552K, 8% used [0x0000000081600000,0x0000000081d2e328,0x0000000086b80000)
 Metaspace       used 20466K, capacity 21108K, committed 21248K, reserved 1067008K
  class space    used 2533K, capacity 2720K, committed 2816K, reserved 1048576K
}
Event: 5.370 GC heap before
{Heap before GC invocations=4 (full 1):
 PSYoungGen      total 38400K, used 5088K [0x00000000d5d00000, 0x00000000da800000, 0x0000000100000000)
  eden space 33280K, 0% used [0x00000000d5d00000,0x00000000d5d00000,0x00000000d7d80000)
  from space 5120K, 99% used [0x00000000d7d80000,0x00000000d8278060,0x00000000d8280000)
  to   space 5120K, 0% used [0x00000000da300000,0x00000000da300000,0x00000000da800000)
 ParOldGen       total 87552K, used 7352K [0x0000000081600000, 0x0000000086b80000, 0x00000000d5d00000)
  object space 87552K, 8% used [0x0000000081600000,0x0000000081d2e328,0x0000000086b80000)
 Metaspace       used 20466K, capacity 21108K, committed 21248K, reserved 1067008K
  class space    used 2533K, capacity 2720K, committed 2816K, reserved 1048576K
Event: 5.413 GC heap after
Heap after GC invocations=4 (full 1):
 PSYoungGen      total 38400K, used 0K [0x00000000d5d00000, 0x00000000da800000, 0x0000000100000000)
  eden space 33280K, 0% used [0x00000000d5d00000,0x00000000d5d00000,0x00000000d7d80000)
  from space 5120K, 0% used [0x00000000d7d80000,0x00000000d7d80000,0x00000000d8280000)
  to   space 5120K, 0% used [0x00000000da300000,0x00000000da300000,0x00000000da800000)
 ParOldGen       total 55296K, used 6756K [0x0000000081600000, 0x0000000084c00000, 0x00000000d5d00000)
  object space 55296K, 12% used [0x0000000081600000,0x0000000081c993f0,0x0000000084c00000)
 Metaspace       used 20466K, capacity 21108K, committed 21248K, reserved 1067008K
  class space    used 2533K, capacity 2720K, committed 2816K, reserved 1048576K
}

Deoptimization events (10 events):
Event: 4.929 Thread 0x000000001aae5000 Uncommon trap: reason=predicate action=maybe_recompile pc=0x00000000031377f4 method=java.lang.String.regionMatches(ZILjava/lang/String;II)Z @ 63
Event: 5.124 Thread 0x000000001aae5000 Uncommon trap: reason=unstable_if action=reinterpret pc=0x0000000003194f48 method=java.util.HashMap.hash(Ljava/lang/Object;)I @ 1
Event: 5.170 Thread 0x000000001aae5000 Uncommon trap: reason=bimorphic action=maybe_recompile pc=0x00000000031bcfe4 method=java.io.DataInputStream.readInt()I @ 4
Event: 5.256 Thread 0x000000001aae5000 Uncommon trap: reason=bimorphic action=maybe_recompile pc=0x00000000031bcfe4 method=java.io.DataInputStream.readInt()I @ 4
Event: 5.256 Thread 0x000000001aae5000 Uncommon trap: reason=bimorphic action=maybe_recompile pc=0x00000000031bcfe4 method=java.io.DataInputStream.readInt()I @ 4
Event: 5.257 Thread 0x000000001aae5000 Uncommon trap: reason=bimorphic action=maybe_recompile pc=0x00000000031bcfe4 method=java.io.DataInputStream.readInt()I @ 4
Event: 5.565 Thread 0x000000001aae5000 Uncommon trap: reason=unstable_if action=reinterpret pc=0x00000000031b983c method=java.lang.String.regionMatches(ZILjava/lang/String;II)Z @ 25
Event: 5.576 Thread 0x000000001aae5000 Uncommon trap: reason=unstable_if action=reinterpret pc=0x000000000326108c method=org.apache.xmlbeans.impl.store.Cur.isNormal()Z @ 60
Event: 5.576 Thread 0x000000001aae5000 Uncommon trap: reason=unstable_if action=reinterpret pc=0x000000000329a724 method=org.apache.xmlbeans.impl.store.Xobj.bitIsSet(I)Z @ 6
Event: 5.576 Thread 0x000000001aae5000 Uncommon trap: reason=unstable_if action=reinterpret pc=0x000000000324dd9c method=org.apache.xmlbeans.impl.store.Xobj.bitIsSet(I)Z @ 6

Internal exceptions (10 events):
Event: 5.149 Thread 0x000000001aae5000 Exception <a 'java/security/PrivilegedActionException'> (0x00000000d7aaff28) thrown at [C:\re\workspace\8-2-build-windows-amd64-cygwin\jdk8u91\6644\hotspot\src\share\vm\prims\jvm.cpp, line 1386]
Event: 5.151 Thread 0x000000001aae5000 Exception <a 'java/security/PrivilegedActionException'> (0x00000000d7ac2220) thrown at [C:\re\workspace\8-2-build-windows-amd64-cygwin\jdk8u91\6644\hotspot\src\share\vm\prims\jvm.cpp, line 1386]
Event: 5.151 Thread 0x000000001aae5000 Exception <a 'java/security/PrivilegedActionException'> (0x00000000d7ac2800) thrown at [C:\re\workspace\8-2-build-windows-amd64-cygwin\jdk8u91\6644\hotspot\src\share\vm\prims\jvm.cpp, line 1386]
Event: 5.151 Thread 0x000000001aae5000 Exception <a 'java/security/PrivilegedActionException'> (0x00000000d7ac93a0) thrown at [C:\re\workspace\8-2-build-windows-amd64-cygwin\jdk8u91\6644\hotspot\src\share\vm\prims\jvm.cpp, line 1386]
Event: 5.151 Thread 0x000000001aae5000 Exception <a 'java/security/PrivilegedActionException'> (0x00000000d7ac9980) thrown at [C:\re\workspace\8-2-build-windows-amd64-cygwin\jdk8u91\6644\hotspot\src\share\vm\prims\jvm.cpp, line 1386]
Event: 5.152 Thread 0x000000001aae5000 Exception <a 'java/security/PrivilegedActionException'> (0x00000000d7ad0ac8) thrown at [C:\re\workspace\8-2-build-windows-amd64-cygwin\jdk8u91\6644\hotspot\src\share\vm\prims\jvm.cpp, line 1386]
Event: 5.152 Thread 0x000000001aae5000 Exception <a 'java/security/PrivilegedActionException'> (0x00000000d7ad10a8) thrown at [C:\re\workspace\8-2-build-windows-amd64-cygwin\jdk8u91\6644\hotspot\src\share\vm\prims\jvm.cpp, line 1386]
Event: 5.152 Thread 0x000000001aae5000 Exception <a 'java/security/PrivilegedActionException'> (0x00000000d7ad8000) thrown at [C:\re\workspace\8-2-build-windows-amd64-cygwin\jdk8u91\6644\hotspot\src\share\vm\prims\jvm.cpp, line 1386]
Event: 5.152 Thread 0x000000001aae5000 Exception <a 'java/security/PrivilegedActionException'> (0x00000000d7ad85e0) thrown at [C:\re\workspace\8-2-build-windows-amd64-cygwin\jdk8u91\6644\hotspot\src\share\vm\prims\jvm.cpp, line 1386]
Event: 86.701 Thread 0x000000001aae5000 Exception <a 'java/io/FileNotFoundException'> (0x00000000d648f4b0) thrown at [C:\re\workspace\8-2-build-windows-amd64-cygwin\jdk8u91\6644\hotspot\src\share\vm\prims\jni.cpp, line 709]

Events (10 events):
Event: 443.385 Executing VM operation: RedefineClasses
Event: 443.397 Executing VM operation: RedefineClasses done
Event: 443.579 Executing VM operation: EnterInterpOnlyMode
Event: 443.579 Executing VM operation: EnterInterpOnlyMode done
Event: 443.579 Executing VM operation: GetCurrentLocation
Event: 443.579 Executing VM operation: GetCurrentLocation done
Event: 443.579 Executing VM operation: ChangeSingleStep
Event: 443.579 Executing VM operation: ChangeSingleStep done
Event: 443.579 Executing VM operation: ChangeSingleStep
Event: 443.579 Executing VM operation: ChangeSingleStep done


Dynamic libraries:
0x000000013fa10000 - 0x000000013fa47000 	C:\Program Files\Java\jdk1.8.0_91\bin\javaw.exe
0x0000000076de0000 - 0x0000000076f7f000 	C:\WINDOWS\SYSTEM32\ntdll.dll
0x0000000076bc0000 - 0x0000000076cdf000 	C:\WINDOWS\system32\kernel32.dll
0x000007fefcc60000 - 0x000007fefccca000 	C:\WINDOWS\system32\KERNELBASE.dll
0x000007fefeb00000 - 0x000007fefebdb000 	C:\WINDOWS\system32\ADVAPI32.dll
0x000007fefd6c0000 - 0x000007fefd75f000 	C:\WINDOWS\system32\msvcrt.dll
0x000007fefd690000 - 0x000007fefd6af000 	C:\WINDOWS\SYSTEM32\sechost.dll
0x000007fefd1e0000 - 0x000007fefd30d000 	C:\WINDOWS\system32\RPCRT4.dll
0x0000000076ce0000 - 0x0000000076dda000 	C:\WINDOWS\system32\USER32.dll
0x000007fefd510000 - 0x000007fefd577000 	C:\WINDOWS\system32\GDI32.dll
0x000007fefd6b0000 - 0x000007fefd6be000 	C:\WINDOWS\system32\LPK.dll
0x000007fefd7b0000 - 0x000007fefd87b000 	C:\WINDOWS\system32\USP10.dll
0x000007fefb010000 - 0x000007fefb204000 	C:\WINDOWS\WinSxS\amd64_microsoft.windows.common-controls_6595b64144ccf1df_6.0.7601.18837_none_fa3b1e3d17594757\COMCTL32.dll
0x000007fefe9e0000 - 0x000007fefea51000 	C:\WINDOWS\system32\SHLWAPI.dll
0x000007fefd1a0000 - 0x000007fefd1ce000 	C:\WINDOWS\system32\IMM32.DLL
0x000007fefd580000 - 0x000007fefd689000 	C:\WINDOWS\system32\MSCTF.dll
0x0000000074820000 - 0x0000000074836000 	C:\WINDOWS\system32\PGPmapih.dll
0x0000000068000000 - 0x0000000068058000 	C:\WINDOWS\System32\QIPCAP64.dll
0x000007fefd980000 - 0x000007fefe70b000 	C:\WINDOWS\system32\SHELL32.dll
0x000007fefc0a0000 - 0x000007fefc0fb000 	C:\WINDOWS\system32\DNSAPI.dll
0x000007fefd760000 - 0x000007fefd7ad000 	C:\WINDOWS\system32\WS2_32.dll
0x000007fefd1d0000 - 0x000007fefd1d8000 	C:\WINDOWS\system32\NSI.dll
0x0000000055db0000 - 0x0000000055e82000 	C:\Program Files\Java\jdk1.8.0_91\jre\bin\msvcr100.dll
0x000000006fbf0000 - 0x0000000070483000 	C:\Program Files\Java\jdk1.8.0_91\jre\bin\server\jvm.dll
0x000007feedf10000 - 0x000007feedf19000 	C:\WINDOWS\system32\WSOCK32.dll
0x000007fef9760000 - 0x000007fef979b000 	C:\WINDOWS\system32\WINMM.dll
0x000007fefbb50000 - 0x000007fefbb5c000 	C:\WINDOWS\system32\VERSION.dll
0x0000000076f90000 - 0x0000000076f97000 	C:\WINDOWS\system32\PSAPI.DLL
0x00000000694d0000 - 0x00000000694df000 	C:\Program Files\Java\jdk1.8.0_91\jre\bin\verify.dll
0x0000000065550000 - 0x0000000065579000 	C:\Program Files\Java\jdk1.8.0_91\jre\bin\java.dll
0x0000000065510000 - 0x0000000065545000 	C:\Program Files\Java\jdk1.8.0_91\jre\bin\jdwp.dll
0x0000000069570000 - 0x0000000069578000 	C:\Program Files\Java\jdk1.8.0_91\jre\bin\npt.dll
0x00000000694b0000 - 0x00000000694c6000 	C:\Program Files\Java\jdk1.8.0_91\jre\bin\zip.dll
0x0000000018fa0000 - 0x000000001919d000 	C:\WINDOWS\system32\ole32.dll
0x000007fefcab0000 - 0x000007fefcabf000 	C:\WINDOWS\system32\profapi.dll
0x0000000067c50000 - 0x0000000067c59000 	C:\Program Files\Java\jdk1.8.0_91\jre\bin\dt_socket.dll
0x000007fefa270000 - 0x000007fefa285000 	C:\WINDOWS\system32\NLAapi.dll
0x000007feedef0000 - 0x000007feedf05000 	C:\WINDOWS\system32\napinsp.dll
0x000007feeded0000 - 0x000007feedee9000 	C:\WINDOWS\system32\pnrpnsp.dll
0x000007fefc210000 - 0x000007fefc265000 	C:\WINDOWS\System32\mswsock.dll
0x000007feedf20000 - 0x000007feedf2b000 	C:\WINDOWS\System32\winrnr.dll
0x0000000072510000 - 0x0000000072536000 	C:\Program Files\Bonjour\mdnsNSP.dll
0x000007fef96d0000 - 0x000007fef96f7000 	C:\WINDOWS\system32\Iphlpapi.DLL
0x000007fef96c0000 - 0x000007fef96cb000 	C:\WINDOWS\system32\WINNSI.DLL
0x000007fef9400000 - 0x000007fef9453000 	C:\WINDOWS\System32\fwpuclnt.dll
0x000007feee9c0000 - 0x000007feee9c8000 	C:\WINDOWS\system32\rasadhlp.dll
0x000007fefbc40000 - 0x000007fefbc57000 	C:\WINDOWS\system32\PGPlsp.dll
0x000007fefbc20000 - 0x000007fefbc27000 	C:\WINDOWS\System32\wshtcpip.dll
0x0000000064ea0000 - 0x0000000064eba000 	C:\Program Files\Java\jdk1.8.0_91\jre\bin\net.dll
0x000007fefc410000 - 0x000007fefc417000 	C:\WINDOWS\System32\wship6.dll
0x000007fefc270000 - 0x000007fefc288000 	C:\WINDOWS\system32\CRYPTSP.dll
0x000007fefc020000 - 0x000007fefc067000 	C:\WINDOWS\system32\rsaenh.dll
0x000007fefcae0000 - 0x000007fefcafe000 	C:\WINDOWS\system32\USERENV.dll
0x000007fefc8b0000 - 0x000007fefc8bf000 	C:\WINDOWS\system32\CRYPTBASE.dll
0x000007fef94e0000 - 0x000007fef94f8000 	C:\WINDOWS\system32\dhcpcsvc.DLL
0x000007fef94c0000 - 0x000007fef94d1000 	C:\WINDOWS\system32\dhcpcsvc6.DLL
0x0000000064e80000 - 0x0000000064e91000 	C:\Program Files\Java\jdk1.8.0_91\jre\bin\nio.dll
0x0000000064e50000 - 0x0000000064e74000 	C:\Program Files\Java\jdk1.8.0_91\jre\bin\sunec.dll
0x0000000067a90000 - 0x0000000067a9b000 	C:\Program Files\Java\jdk1.8.0_91\jre\bin\sunmscapi.dll
0x000007fefcce0000 - 0x000007fefce4d000 	C:\WINDOWS\system32\CRYPT32.dll
0x000007fefcac0000 - 0x000007fefcacf000 	C:\WINDOWS\system32\MSASN1.dll
0x000007fefc8c0000 - 0x000007fefc917000 	C:\WINDOWS\system32\apphelp.dll
0x000007fef9e90000 - 0x000007fef9fb5000 	C:\WINDOWS\system32\dbghelp.dll

VM Arguments:
jvm_args: -agentlib:jdwp=transport=dt_socket,suspend=y,address=localhost:60721 -ea -Dfile.encoding=UTF-8 
java_command: org.testng.remote.RemoteTestNG -serport 60720 -protocol json -d E:\Eclipse Workspace\KeywordDriven\test-output C:\Users\MOHAMM~1.NAS\AppData\Local\Temp\testng-eclipse-992789260\testng-customsuite.xml
java_class_path (initial): C:\Users\Mohammed.Nasir\eclipse\java-neon\eclipse\configuration\org.eclipse.osgi\1037\0\.cp\lib\testng-remote.jar;E:\Eclipse Workspace\KeywordDriven\target\test-classes;E:\Eclipse Workspace\KeywordDriven\target\classes;C:\Users\Mohammed.Nasir\.m2\repository\org\testng\testng\6.14.3\testng-6.14.3.jar;C:\Users\Mohammed.Nasir\.m2\repository\com\beust\jcommander\1.72\jcommander-1.72.jar;C:\Users\Mohammed.Nasir\.m2\repository\org\apache-extras\beanshell\bsh\2.0b6\bsh-2.0b6.jar;C:\Users\Mohammed.Nasir\.m2\repository\org\apache\poi\poi-ooxml\3.17\poi-ooxml-3.17.jar;C:\Users\Mohammed.Nasir\.m2\repository\org\apache\poi\poi\3.17\poi-3.17.jar;C:\Users\Mohammed.Nasir\.m2\repository\org\apache\commons\commons-collections4\4.1\commons-collections4-4.1.jar;C:\Users\Mohammed.Nasir\.m2\repository\org\apache\poi\poi-ooxml-schemas\3.17\poi-ooxml-schemas-3.17.jar;C:\Users\Mohammed.Nasir\.m2\repository\org\apache\xmlbeans\xmlbeans\2.6.0\xmlbeans-2.6.0.jar;C:\Users\Mohammed.Nasir\.m2\repository\stax\stax-api\1.0.1\stax-api-1.0.1.jar;C:\Users\Mohammed.Nasir\.m2\repository\com\github\virtuald\curvesapi\1.04\curvesapi-1.04.jar;C:\Users\Mohammed.Nasir\.m2\repository\org\seleniumhq\selenium\selenium-java\3.13.0\selenium-java-3.13.0.jar;C:\Users\Mohammed.Nasir\.m2\repository\org\seleniumhq\selenium\selenium-api\3.13.0\selenium-api-3.13.0.jar;C:\Users\Mohammed.Nasir\.m2\repository\org\seleniumhq\selenium\selenium-chrome-driver\3.13.0\selenium-chrome-driver-3.13.0.jar;C:\Users\Mohammed.Nasir\.m2\repository\org\seleniumhq\selenium\selenium-edge-driver\3.13.0\selenium-edge-driver-3.13.0.jar;C:\Users\Mohammed.Nasir\.m2\repository\org\seleniumhq\selenium\selenium-firefox-driver\3.13.0\selenium-firefox-driver-3.13.0.jar;C:\Users\Mohammed.Nasir\.m2\repository\org\seleniumhq\selenium\selenium-ie-driver\3.13.0\selenium-ie-driver-3.13.0.jar;C:\Users\Mohammed.Nasir\.m2\repository\org\seleniumhq\selenium\selenium-opera-driver\3.13.0\selenium-opera-driver-3.13.0.jar;C:\Users\Mo
Launcher Type: SUN_STANDARD

Environment Variables:
JAVA_HOME=C:\Program Files\Java\jdk1.8.0_91
PATH=C:\Program Files\Java\jdk1.8.0_91\jre\bin;C:/Program Files/Java/jre1.8.0_91/bin/server;C:/Program Files/Java/jre1.8.0_91/bin;C:/Program Files/Java/jre1.8.0_91/lib/amd64;C:\oraclexe\app\oracle\product\11.2.0\server\bin;C:\ProgramData\Oracle\Java\javapath;C:\WINDOWS\system32;C:\WINDOWS;C:\WINDOWS\System32\Wbem;C:\WINDOWS\System32\WindowsPowerShell\v1.0\;C:\Program Files\TortoiseSVN\bin;C:\Program Files\Java\jdk1.8.0_91\bin;C:\Program Files\Java\Maven\apache-maven-3.5.0;E:\Eclipse Workspace\chromedriver.exe;E:\Eclipse Workspace;C:\Program Files\Git\cmd;C:\Program Files\Gauge\bin;C:\Program Files\Java\Maven\apache-maven-3.5.0\bin;C:\Users\Mohammed.Nasir\Downloads\curl-7.57.0 (1);C:\Users\Mohammed.Nasir\Downloads\curl-7.57.0 (1)\src\curl.exe;C:\Program Files (x86)\nodejs\;;C:\Program Files\Docker Toolbox;C:\Program Files\Microsoft VS Code\bin;C:\Users\Mohammed.Nasir\AppData\Roaming\npm;C:\Users\Mohammed.Nasir\AppData\Local\Android\Sdk\platform-tools;C:\Program Files\Genymobile\Genymotion\tools;C:\Users\Mohammed.Nasir\Desktop;
USERNAME=Mohammed.Nasir
OS=Windows_NT
PROCESSOR_IDENTIFIER=Intel64 Family 6 Model 60 Stepping 3, GenuineIntel



---------------  S Y S T E M  ---------------

OS: Windows 7 , 64 bit Build 7601 (6.1.7601.24150)

CPU:total 4 (2 cores per cpu, 2 threads per core) family 6 model 60 stepping 3, cmov, cx8, fxsr, mmx, sse, sse2, sse3, ssse3, sse4.1, sse4.2, popcnt, avx, avx2, aes, clmul, erms, lzcnt, ht, tsc, tscinvbit, bmi1, bmi2

Memory: 4k page, physical 8291752k(1056080k free), swap 16581628k(1958968k free)

vm_info: Java HotSpot(TM) 64-Bit Server VM (25.91-b14) for windows-amd64 JRE (1.8.0_91-b14), built on Apr  1 2016 00:58:32 by "java_re" with MS VC++ 10.0 (VS2010)

time: Wed Jul 18 22:30:33 2018
elapsed time: 443 seconds (0d 0h 7m 23s)

